2025-10-01 19:51:29,820 INFO: Loan Prediction App Startup [in C:\Projects\Loan-Prediction\app.py:70]
2025-10-01 19:51:30,383 INFO: Models loaded successfully [in C:\Projects\Loan-Prediction\app.py:163]
2025-10-01 19:51:30,798 INFO: Demo user created: demo@example.com / password123 [in C:\Projects\Loan-Prediction\app.py:350]
2025-10-01 19:51:31,666 INFO: Loan Prediction App Startup [in C:\Projects\Loan-Prediction\app.py:70]
2025-10-01 19:51:32,278 INFO: Models loaded successfully [in C:\Projects\Loan-Prediction\app.py:163]
2025-10-01 19:51:32,696 INFO: Demo user created: demo@example.com / password123 [in C:\Projects\Loan-Prediction\app.py:350]
2025-10-01 19:51:39,459 INFO: Loan Prediction App Startup [in C:\Projects\Loan-Prediction\app.py:70]
2025-10-01 19:51:40,083 INFO: Models loaded successfully [in C:\Projects\Loan-Prediction\app.py:163]
2025-10-01 19:51:40,494 INFO: Demo user created: demo@example.com / password123 [in C:\Projects\Loan-Prediction\app.py:350]
2025-10-01 19:51:48,734 WARNING: Failed login attempt for: riyas03524@gmail.com [in C:\Projects\Loan-Prediction\app.py:377]
2025-10-01 19:51:59,280 WARNING: Failed login attempt for: riyas03524@gmail.com [in C:\Projects\Loan-Prediction\app.py:377]
2025-10-01 19:52:21,983 INFO: New user registered: riyasm [in C:\Projects\Loan-Prediction\app.py:398]
2025-10-01 19:52:33,313 INFO: User logged in: riyasm [in C:\Projects\Loan-Prediction\app.py:372]
2025-10-01 19:53:11,610 INFO: Prediction request from user riyasm [in C:\Projects\Loan-Prediction\app.py:490]
2025-10-01 19:53:11,651 INFO: Prediction saved for user riyasm [in C:\Projects\Loan-Prediction\app.py:505]
2025-10-01 19:53:11,655 INFO: Prediction completed: Low Risk (Probability: 0.15000000000000002) [in C:\Projects\Loan-Prediction\app.py:518]
2025-10-01 19:53:20,059 INFO: Prediction request from user riyasm [in C:\Projects\Loan-Prediction\app.py:490]
2025-10-01 19:53:20,105 INFO: Prediction saved for user riyasm [in C:\Projects\Loan-Prediction\app.py:505]
2025-10-01 19:53:20,120 INFO: Prediction completed: Low Risk (Probability: 0.15000000000000002) [in C:\Projects\Loan-Prediction\app.py:518]
2025-10-01 19:53:27,255 INFO: Prediction request from user riyasm [in C:\Projects\Loan-Prediction\app.py:490]
2025-10-01 19:53:27,303 INFO: Prediction saved for user riyasm [in C:\Projects\Loan-Prediction\app.py:505]
2025-10-01 19:53:27,315 INFO: Prediction completed: Low Risk (Probability: 0.2) [in C:\Projects\Loan-Prediction\app.py:518]
2025-10-01 19:53:35,070 INFO: Prediction request from user riyasm [in C:\Projects\Loan-Prediction\app.py:490]
2025-10-01 19:53:35,119 INFO: Prediction saved for user riyasm [in C:\Projects\Loan-Prediction\app.py:505]
2025-10-01 19:53:35,119 INFO: Prediction completed: Medium Risk (Probability: 0.4) [in C:\Projects\Loan-Prediction\app.py:518]
2025-10-01 19:53:42,269 INFO: Prediction request from user riyasm [in C:\Projects\Loan-Prediction\app.py:490]
2025-10-01 19:53:42,333 INFO: Prediction saved for user riyasm [in C:\Projects\Loan-Prediction\app.py:505]
2025-10-01 19:53:42,333 INFO: Prediction completed: Medium Risk (Probability: 0.4) [in C:\Projects\Loan-Prediction\app.py:518]
2025-10-01 19:53:44,299 INFO: Prediction request from user riyasm [in C:\Projects\Loan-Prediction\app.py:490]
2025-10-01 19:53:44,366 INFO: Prediction saved for user riyasm [in C:\Projects\Loan-Prediction\app.py:505]
2025-10-01 19:53:44,374 INFO: Prediction completed: Medium Risk (Probability: 0.4) [in C:\Projects\Loan-Prediction\app.py:518]
2025-10-01 19:53:50,614 INFO: Prediction request from user riyasm [in C:\Projects\Loan-Prediction\app.py:490]
2025-10-01 19:53:50,698 INFO: Prediction saved for user riyasm [in C:\Projects\Loan-Prediction\app.py:505]
2025-10-01 19:53:50,698 INFO: Prediction completed: Medium Risk (Probability: 0.35) [in C:\Projects\Loan-Prediction\app.py:518]
2025-10-01 19:53:59,228 INFO: Prediction request from user riyasm [in C:\Projects\Loan-Prediction\app.py:490]
2025-10-01 19:53:59,264 INFO: Prediction saved for user riyasm [in C:\Projects\Loan-Prediction\app.py:505]
2025-10-01 19:53:59,267 INFO: Prediction completed: Medium Risk (Probability: 0.4) [in C:\Projects\Loan-Prediction\app.py:518]
2025-10-01 19:54:00,332 INFO: Prediction request from user riyasm [in C:\Projects\Loan-Prediction\app.py:490]
2025-10-01 19:54:00,379 INFO: Prediction saved for user riyasm [in C:\Projects\Loan-Prediction\app.py:505]
2025-10-01 19:54:00,379 INFO: Prediction completed: Medium Risk (Probability: 0.4) [in C:\Projects\Loan-Prediction\app.py:518]
2025-10-01 19:54:04,948 INFO: Prediction request from user riyasm [in C:\Projects\Loan-Prediction\app.py:490]
2025-10-01 19:54:04,994 INFO: Prediction saved for user riyasm [in C:\Projects\Loan-Prediction\app.py:505]
2025-10-01 19:54:04,994 INFO: Prediction completed: Medium Risk (Probability: 0.4) [in C:\Projects\Loan-Prediction\app.py:518]
2025-10-01 19:54:09,549 INFO: Prediction request from user riyasm [in C:\Projects\Loan-Prediction\app.py:490]
2025-10-01 19:54:09,594 INFO: Prediction saved for user riyasm [in C:\Projects\Loan-Prediction\app.py:505]
2025-10-01 19:54:09,594 INFO: Prediction completed: Medium Risk (Probability: 0.35) [in C:\Projects\Loan-Prediction\app.py:518]
2025-10-01 19:54:18,479 INFO: Prediction request from user riyasm [in C:\Projects\Loan-Prediction\app.py:490]
2025-10-01 19:54:18,527 INFO: Prediction saved for user riyasm [in C:\Projects\Loan-Prediction\app.py:505]
2025-10-01 19:54:18,541 INFO: Prediction completed: High Risk (Probability: 0.6) [in C:\Projects\Loan-Prediction\app.py:518]
2025-10-01 20:12:41,868 INFO: Loan Prediction App Startup [in C:\Projects\Loan-Prediction\app.py:70]
2025-10-01 20:12:53,530 INFO: Loan Prediction App Startup [in C:\Projects\Loan-Prediction\app.py:70]
2025-10-01 20:12:55,304 INFO: Loan Prediction App Startup [in C:\Projects\Loan-Prediction\app.py:70]
2025-10-01 20:19:31,352 INFO: Loan Prediction App Startup [in C:\Projects\Loan-Prediction\app.py:65]
2025-10-01 20:19:31,356 INFO: Feature names loaded from JSON: 16 features [in C:\Projects\Loan-Prediction\app.py:141]
2025-10-01 20:19:31,888 WARNING: Failed to load models/loan_default_model.pkl: invalid load key, '\x0a'. [in C:\Projects\Loan-Prediction\app.py:164]
2025-10-01 20:19:31,957 INFO: Main model loaded from models/loan_model.pkl [in C:\Projects\Loan-Prediction\app.py:161]
2025-10-01 20:19:31,969 WARNING: Failed to load preprocessor: No module named 'numpy._core' [in C:\Projects\Loan-Prediction\app.py:178]
2025-10-01 20:19:31,969 INFO: Scaler loaded [in C:\Projects\Loan-Prediction\app.py:189]
2025-10-01 20:19:31,980 INFO: Model type: RandomForestClassifier [in C:\Projects\Loan-Prediction\app.py:199]
2025-10-01 20:19:32,336 INFO: Demo user created: demo@example.com / password123 [in C:\Projects\Loan-Prediction\app.py:563]
2025-10-01 20:19:32,364 INFO: Model files status: [in C:\Projects\Loan-Prediction\app.py:819]
2025-10-01 20:19:32,364 INFO:   models/feature_names.json - VALID [in C:\Projects\Loan-Prediction\app.py:821]
2025-10-01 20:19:32,364 INFO:   models/features_name.pkl - VALID [in C:\Projects\Loan-Prediction\app.py:821]
2025-10-01 20:19:32,364 INFO:   models/loan_default_model.pkl - INVALID: invalid load key, '\x0a'. [in C:\Projects\Loan-Prediction\app.py:821]
2025-10-01 20:19:32,364 INFO:   models/loan_model.pkl - VALID [in C:\Projects\Loan-Prediction\app.py:821]
2025-10-01 20:19:32,370 INFO:   models/preprocessor.pkl - INVALID: No module named 'numpy._core' [in C:\Projects\Loan-Prediction\app.py:821]
2025-10-01 20:19:32,370 INFO:   models/scaler.pkl - VALID [in C:\Projects\Loan-Prediction\app.py:821]
2025-10-01 20:19:32,372 INFO: Starting Loan Prediction App... [in C:\Projects\Loan-Prediction\app.py:825]
2025-10-01 20:19:42,763 INFO: Loan Prediction App Startup [in C:\Projects\Loan-Prediction\app.py:65]
2025-10-01 20:19:42,770 INFO: Feature names loaded from JSON: 16 features [in C:\Projects\Loan-Prediction\app.py:141]
2025-10-01 20:19:43,361 WARNING: Failed to load models/loan_default_model.pkl: invalid load key, '\x0a'. [in C:\Projects\Loan-Prediction\app.py:164]
2025-10-01 20:19:43,402 INFO: Main model loaded from models/loan_model.pkl [in C:\Projects\Loan-Prediction\app.py:161]
2025-10-01 20:19:43,418 WARNING: Failed to load preprocessor: No module named 'numpy._core' [in C:\Projects\Loan-Prediction\app.py:178]
2025-10-01 20:19:43,418 INFO: Scaler loaded [in C:\Projects\Loan-Prediction\app.py:189]
2025-10-01 20:19:43,418 INFO: Model type: RandomForestClassifier [in C:\Projects\Loan-Prediction\app.py:199]
2025-10-01 20:19:43,738 INFO: Demo user created: demo@example.com / password123 [in C:\Projects\Loan-Prediction\app.py:563]
2025-10-01 20:19:43,738 INFO: Model files status: [in C:\Projects\Loan-Prediction\app.py:819]
2025-10-01 20:19:43,738 INFO:   models/feature_names.json - VALID [in C:\Projects\Loan-Prediction\app.py:821]
2025-10-01 20:19:43,738 INFO:   models/features_name.pkl - VALID [in C:\Projects\Loan-Prediction\app.py:821]
2025-10-01 20:19:43,738 INFO:   models/loan_default_model.pkl - INVALID: invalid load key, '\x0a'. [in C:\Projects\Loan-Prediction\app.py:821]
2025-10-01 20:19:43,738 INFO:   models/loan_model.pkl - VALID [in C:\Projects\Loan-Prediction\app.py:821]
2025-10-01 20:19:43,738 INFO:   models/preprocessor.pkl - INVALID: No module named 'numpy._core' [in C:\Projects\Loan-Prediction\app.py:821]
2025-10-01 20:19:43,738 INFO:   models/scaler.pkl - VALID [in C:\Projects\Loan-Prediction\app.py:821]
2025-10-01 20:19:43,738 INFO: Starting Loan Prediction App... [in C:\Projects\Loan-Prediction\app.py:825]
2025-10-01 20:19:44,710 INFO: Loan Prediction App Startup [in C:\Projects\Loan-Prediction\app.py:65]
2025-10-01 20:19:44,718 INFO: Feature names loaded from JSON: 16 features [in C:\Projects\Loan-Prediction\app.py:141]
2025-10-01 20:19:45,251 WARNING: Failed to load models/loan_default_model.pkl: invalid load key, '\x0a'. [in C:\Projects\Loan-Prediction\app.py:164]
2025-10-01 20:19:45,315 INFO: Main model loaded from models/loan_model.pkl [in C:\Projects\Loan-Prediction\app.py:161]
2025-10-01 20:30:44,750 INFO: Loan Prediction App Startup [in C:\Projects\Loan-Prediction\app.py:65]
2025-10-01 20:30:44,770 INFO: Feature names loaded from JSON: 16 features [in C:\Projects\Loan-Prediction\app.py:141]
2025-10-01 20:30:45,369 WARNING: Failed to load models/loan_default_model.pkl: invalid load key, '\x0a'. [in C:\Projects\Loan-Prediction\app.py:164]
2025-10-01 20:30:45,452 INFO: Main model loaded from models/loan_model.pkl [in C:\Projects\Loan-Prediction\app.py:161]
2025-10-01 20:30:45,452 WARNING: Failed to load preprocessor: No module named 'numpy._core' [in C:\Projects\Loan-Prediction\app.py:178]
2025-10-01 20:30:45,452 INFO: Scaler loaded [in C:\Projects\Loan-Prediction\app.py:189]
2025-10-01 20:30:45,452 INFO: Model type: RandomForestClassifier [in C:\Projects\Loan-Prediction\app.py:199]
2025-10-01 20:30:45,886 INFO: Demo user created: demo@example.com / password123 [in C:\Projects\Loan-Prediction\app.py:568]
2025-10-01 20:30:45,889 INFO: Model files status: [in C:\Projects\Loan-Prediction\app.py:824]
2025-10-01 20:30:45,889 INFO:   models/feature_names.json - VALID [in C:\Projects\Loan-Prediction\app.py:826]
2025-10-01 20:30:45,889 INFO:   models/features_name.pkl - VALID [in C:\Projects\Loan-Prediction\app.py:826]
2025-10-01 20:30:45,889 INFO:   models/loan_default_model.pkl - INVALID: invalid load key, '\x0a'. [in C:\Projects\Loan-Prediction\app.py:826]
2025-10-01 20:30:45,894 INFO:   models/loan_model.pkl - VALID [in C:\Projects\Loan-Prediction\app.py:826]
2025-10-01 20:30:45,894 INFO:   models/preprocessor.pkl - INVALID: No module named 'numpy._core' [in C:\Projects\Loan-Prediction\app.py:826]
2025-10-01 20:30:45,894 INFO:   models/scaler.pkl - VALID [in C:\Projects\Loan-Prediction\app.py:826]
2025-10-01 20:30:45,895 INFO: Starting Loan Prediction App... [in C:\Projects\Loan-Prediction\app.py:830]
2025-10-01 20:33:54,097 INFO: Loan Prediction App Startup [in C:\Projects\Loan-Prediction\app.py:65]
2025-10-01 20:33:54,115 INFO: Feature names loaded from JSON: 16 features [in C:\Projects\Loan-Prediction\app.py:141]
2025-10-01 20:33:54,626 WARNING: Failed to load models/loan_default_model.pkl: invalid load key, '\x0a'. [in C:\Projects\Loan-Prediction\app.py:164]
2025-10-01 20:33:54,682 INFO: Main model loaded from models/loan_model.pkl [in C:\Projects\Loan-Prediction\app.py:161]
2025-10-01 20:33:54,682 WARNING: Failed to load preprocessor: No module named 'numpy._core' [in C:\Projects\Loan-Prediction\app.py:178]
2025-10-01 20:33:54,691 INFO: Scaler loaded [in C:\Projects\Loan-Prediction\app.py:189]
2025-10-01 20:33:54,692 INFO: Model type: RandomForestClassifier [in C:\Projects\Loan-Prediction\app.py:199]
2025-10-01 20:33:55,082 INFO: Demo user created: demo@example.com / password123 [in C:\Projects\Loan-Prediction\app.py:568]
2025-10-01 20:33:55,082 INFO: Model files status: [in C:\Projects\Loan-Prediction\app.py:824]
2025-10-01 20:33:55,082 INFO:   models/feature_names.json - VALID [in C:\Projects\Loan-Prediction\app.py:826]
2025-10-01 20:33:55,082 INFO:   models/features_name.pkl - VALID [in C:\Projects\Loan-Prediction\app.py:826]
2025-10-01 20:33:55,093 INFO:   models/loan_default_model.pkl - INVALID: invalid load key, '\x0a'. [in C:\Projects\Loan-Prediction\app.py:826]
2025-10-01 20:33:55,094 INFO:   models/loan_model.pkl - VALID [in C:\Projects\Loan-Prediction\app.py:826]
2025-10-01 20:33:55,095 INFO:   models/preprocessor.pkl - INVALID: No module named 'numpy._core' [in C:\Projects\Loan-Prediction\app.py:826]
2025-10-01 20:33:55,095 INFO:   models/scaler.pkl - VALID [in C:\Projects\Loan-Prediction\app.py:826]
2025-10-01 20:33:55,095 INFO: Starting Loan Prediction App... [in C:\Projects\Loan-Prediction\app.py:830]
2025-10-01 20:33:55,986 INFO: Loan Prediction App Startup [in C:\Projects\Loan-Prediction\app.py:65]
2025-10-01 20:33:55,993 INFO: Feature names loaded from JSON: 16 features [in C:\Projects\Loan-Prediction\app.py:141]
2025-10-01 20:33:56,563 WARNING: Failed to load models/loan_default_model.pkl: invalid load key, '\x0a'. [in C:\Projects\Loan-Prediction\app.py:164]
2025-10-01 20:33:56,622 INFO: Main model loaded from models/loan_model.pkl [in C:\Projects\Loan-Prediction\app.py:161]
2025-10-01 20:33:56,622 WARNING: Failed to load preprocessor: No module named 'numpy._core' [in C:\Projects\Loan-Prediction\app.py:178]
2025-10-01 20:33:56,622 INFO: Scaler loaded [in C:\Projects\Loan-Prediction\app.py:189]
2025-10-01 20:33:56,622 INFO: Model type: RandomForestClassifier [in C:\Projects\Loan-Prediction\app.py:199]
2025-10-01 20:33:57,032 INFO: Demo user created: demo@example.com / password123 [in C:\Projects\Loan-Prediction\app.py:568]
2025-10-01 20:33:57,035 INFO: Model files status: [in C:\Projects\Loan-Prediction\app.py:824]
2025-10-01 20:33:57,035 INFO:   models/feature_names.json - VALID [in C:\Projects\Loan-Prediction\app.py:826]
2025-10-01 20:33:57,035 INFO:   models/features_name.pkl - VALID [in C:\Projects\Loan-Prediction\app.py:826]
2025-10-01 20:33:57,035 INFO:   models/loan_default_model.pkl - INVALID: invalid load key, '\x0a'. [in C:\Projects\Loan-Prediction\app.py:826]
2025-10-01 20:33:57,035 INFO:   models/loan_model.pkl - VALID [in C:\Projects\Loan-Prediction\app.py:826]
2025-10-01 20:33:57,035 INFO:   models/preprocessor.pkl - INVALID: No module named 'numpy._core' [in C:\Projects\Loan-Prediction\app.py:826]
2025-10-01 20:33:57,035 INFO:   models/scaler.pkl - VALID [in C:\Projects\Loan-Prediction\app.py:826]
2025-10-01 20:33:57,035 INFO: Starting Loan Prediction App... [in C:\Projects\Loan-Prediction\app.py:830]
2025-10-01 20:34:28,738 WARNING: Failed login attempt for: riyas03524@gmail.com [in C:\Projects\Loan-Prediction\app.py:595]
2025-10-01 20:34:44,114 INFO: New user registered: riyasm [in C:\Projects\Loan-Prediction\app.py:616]
2025-10-01 20:35:16,149 INFO: Prediction request from user riyasm [in C:\Projects\Loan-Prediction\app.py:706]
2025-10-01 20:35:16,151 INFO: Mapped features for prediction [in C:\Projects\Loan-Prediction\app.py:379]
2025-10-01 20:35:16,188 INFO: ML Prediction (scaler): Low Risk (Probability: 0.360) [in C:\Projects\Loan-Prediction\app.py:406]
2025-10-01 20:35:16,224 INFO: Prediction saved for user riyasm [in C:\Projects\Loan-Prediction\app.py:721]
2025-10-01 20:35:16,224 INFO: Prediction completed: Low Risk (Probability: 0.360) [in C:\Projects\Loan-Prediction\app.py:734]
2025-10-01 20:35:26,405 INFO: Prediction request from user riyasm [in C:\Projects\Loan-Prediction\app.py:706]
2025-10-01 20:35:26,405 INFO: Mapped features for prediction [in C:\Projects\Loan-Prediction\app.py:379]
2025-10-01 20:35:26,456 INFO: ML Prediction (scaler): Low Risk (Probability: 0.360) [in C:\Projects\Loan-Prediction\app.py:406]
2025-10-01 20:35:26,506 INFO: Prediction saved for user riyasm [in C:\Projects\Loan-Prediction\app.py:721]
2025-10-01 20:35:26,506 INFO: Prediction completed: Low Risk (Probability: 0.360) [in C:\Projects\Loan-Prediction\app.py:734]
2025-10-01 20:35:27,865 INFO: Prediction request from user riyasm [in C:\Projects\Loan-Prediction\app.py:706]
2025-10-01 20:35:27,870 INFO: Mapped features for prediction [in C:\Projects\Loan-Prediction\app.py:379]
2025-10-01 20:35:27,895 INFO: ML Prediction (scaler): Low Risk (Probability: 0.360) [in C:\Projects\Loan-Prediction\app.py:406]
2025-10-01 20:35:27,922 INFO: Prediction saved for user riyasm [in C:\Projects\Loan-Prediction\app.py:721]
2025-10-01 20:35:27,922 INFO: Prediction completed: Low Risk (Probability: 0.360) [in C:\Projects\Loan-Prediction\app.py:734]
2025-10-01 20:35:35,732 INFO: Prediction request from user riyasm [in C:\Projects\Loan-Prediction\app.py:706]
2025-10-01 20:35:35,734 INFO: Mapped features for prediction [in C:\Projects\Loan-Prediction\app.py:379]
2025-10-01 20:35:35,738 INFO: ML Prediction (scaler): Low Risk (Probability: 0.360) [in C:\Projects\Loan-Prediction\app.py:406]
2025-10-01 20:35:35,786 INFO: Prediction saved for user riyasm [in C:\Projects\Loan-Prediction\app.py:721]
2025-10-01 20:35:35,786 INFO: Prediction completed: Low Risk (Probability: 0.360) [in C:\Projects\Loan-Prediction\app.py:734]
2025-10-01 20:35:36,648 INFO: Prediction request from user riyasm [in C:\Projects\Loan-Prediction\app.py:706]
2025-10-01 20:35:36,648 INFO: Mapped features for prediction [in C:\Projects\Loan-Prediction\app.py:379]
2025-10-01 20:35:36,679 INFO: ML Prediction (scaler): Low Risk (Probability: 0.360) [in C:\Projects\Loan-Prediction\app.py:406]
2025-10-01 20:35:36,716 INFO: Prediction saved for user riyasm [in C:\Projects\Loan-Prediction\app.py:721]
2025-10-01 20:35:36,718 INFO: Prediction completed: Low Risk (Probability: 0.360) [in C:\Projects\Loan-Prediction\app.py:734]
2025-10-01 20:35:48,736 INFO: Prediction request from user riyasm [in C:\Projects\Loan-Prediction\app.py:706]
2025-10-01 20:35:48,738 INFO: Mapped features for prediction [in C:\Projects\Loan-Prediction\app.py:379]
2025-10-01 20:35:48,749 INFO: ML Prediction (scaler): Low Risk (Probability: 0.360) [in C:\Projects\Loan-Prediction\app.py:406]
2025-10-01 20:35:48,799 INFO: Prediction saved for user riyasm [in C:\Projects\Loan-Prediction\app.py:721]
2025-10-01 20:35:48,803 INFO: Prediction completed: Low Risk (Probability: 0.360) [in C:\Projects\Loan-Prediction\app.py:734]
2025-10-01 20:35:49,683 INFO: Prediction request from user riyasm [in C:\Projects\Loan-Prediction\app.py:706]
2025-10-01 20:35:49,691 INFO: Mapped features for prediction [in C:\Projects\Loan-Prediction\app.py:379]
2025-10-01 20:35:49,699 INFO: ML Prediction (scaler): Low Risk (Probability: 0.360) [in C:\Projects\Loan-Prediction\app.py:406]
2025-10-01 20:35:49,753 INFO: Prediction saved for user riyasm [in C:\Projects\Loan-Prediction\app.py:721]
2025-10-01 20:35:49,753 INFO: Prediction completed: Low Risk (Probability: 0.360) [in C:\Projects\Loan-Prediction\app.py:734]
2025-10-01 20:36:14,493 INFO: Prediction request from user riyasm [in C:\Projects\Loan-Prediction\app.py:706]
2025-10-01 20:36:14,495 INFO: Mapped features for prediction [in C:\Projects\Loan-Prediction\app.py:379]
2025-10-01 20:36:14,512 INFO: ML Prediction (scaler): Low Risk (Probability: 0.360) [in C:\Projects\Loan-Prediction\app.py:406]
2025-10-01 20:36:14,545 INFO: Prediction saved for user riyasm [in C:\Projects\Loan-Prediction\app.py:721]
2025-10-01 20:36:14,545 INFO: Prediction completed: Low Risk (Probability: 0.360) [in C:\Projects\Loan-Prediction\app.py:734]
2025-10-01 20:36:17,567 INFO: Prediction request from user riyasm [in C:\Projects\Loan-Prediction\app.py:706]
2025-10-01 20:36:17,567 INFO: Mapped features for prediction [in C:\Projects\Loan-Prediction\app.py:379]
2025-10-01 20:36:17,581 INFO: ML Prediction (scaler): Low Risk (Probability: 0.360) [in C:\Projects\Loan-Prediction\app.py:406]
2025-10-01 20:36:17,627 INFO: Prediction saved for user riyasm [in C:\Projects\Loan-Prediction\app.py:721]
2025-10-01 20:36:17,627 INFO: Prediction completed: Low Risk (Probability: 0.360) [in C:\Projects\Loan-Prediction\app.py:734]
2025-10-01 20:54:07,995 INFO: Loan Prediction App Startup [in C:\Projects\Loan-Prediction\APP.PY:65]
2025-10-01 20:54:07,995 INFO: Feature names loaded from JSON: 16 features [in C:\Projects\Loan-Prediction\APP.PY:141]
2025-10-01 20:54:08,575 WARNING: Failed to load models/loan_default_model.pkl: invalid load key, '\x0a'. [in C:\Projects\Loan-Prediction\APP.PY:164]
2025-10-01 20:54:08,626 INFO: Main model loaded from models/loan_model.pkl [in C:\Projects\Loan-Prediction\APP.PY:161]
2025-10-01 20:54:08,626 WARNING: Failed to load preprocessor: No module named 'numpy._core' [in C:\Projects\Loan-Prediction\APP.PY:178]
2025-10-01 20:54:08,626 INFO: Scaler loaded [in C:\Projects\Loan-Prediction\APP.PY:189]
2025-10-01 20:54:08,626 INFO: Model type: RandomForestClassifier [in C:\Projects\Loan-Prediction\APP.PY:199]
2025-10-01 20:54:08,972 INFO: Demo user created: demo@example.com / password123 [in C:\Projects\Loan-Prediction\APP.PY:568]
2025-10-01 20:54:08,979 INFO: Model files status: [in C:\Projects\Loan-Prediction\APP.PY:824]
2025-10-01 20:54:08,979 INFO:   models/feature_names.json - VALID [in C:\Projects\Loan-Prediction\APP.PY:826]
2025-10-01 20:54:08,979 INFO:   models/features_name.pkl - VALID [in C:\Projects\Loan-Prediction\APP.PY:826]
2025-10-01 20:54:08,982 INFO:   models/loan_default_model.pkl - INVALID: invalid load key, '\x0a'. [in C:\Projects\Loan-Prediction\APP.PY:826]
2025-10-01 20:54:08,982 INFO:   models/loan_model.pkl - VALID [in C:\Projects\Loan-Prediction\APP.PY:826]
2025-10-01 20:54:08,983 INFO:   models/preprocessor.pkl - INVALID: No module named 'numpy._core' [in C:\Projects\Loan-Prediction\APP.PY:826]
2025-10-01 20:54:08,983 INFO:   models/scaler.pkl - VALID [in C:\Projects\Loan-Prediction\APP.PY:826]
2025-10-01 20:54:08,984 INFO: Starting Loan Prediction App... [in C:\Projects\Loan-Prediction\APP.PY:830]
2025-10-01 20:54:09,932 INFO: Loan Prediction App Startup [in C:\Projects\Loan-Prediction\APP.PY:65]
2025-10-01 20:54:09,944 INFO: Feature names loaded from JSON: 16 features [in C:\Projects\Loan-Prediction\APP.PY:141]
2025-10-01 20:54:10,476 WARNING: Failed to load models/loan_default_model.pkl: invalid load key, '\x0a'. [in C:\Projects\Loan-Prediction\APP.PY:164]
2025-10-01 20:54:10,536 INFO: Main model loaded from models/loan_model.pkl [in C:\Projects\Loan-Prediction\APP.PY:161]
2025-10-01 20:54:10,536 WARNING: Failed to load preprocessor: No module named 'numpy._core' [in C:\Projects\Loan-Prediction\APP.PY:178]
2025-10-01 20:54:10,536 INFO: Scaler loaded [in C:\Projects\Loan-Prediction\APP.PY:189]
2025-10-01 20:54:10,536 INFO: Model type: RandomForestClassifier [in C:\Projects\Loan-Prediction\APP.PY:199]
2025-10-01 20:54:10,928 INFO: Demo user created: demo@example.com / password123 [in C:\Projects\Loan-Prediction\APP.PY:568]
2025-10-01 20:54:10,932 INFO: Model files status: [in C:\Projects\Loan-Prediction\APP.PY:824]
2025-10-01 20:54:10,932 INFO:   models/feature_names.json - VALID [in C:\Projects\Loan-Prediction\APP.PY:826]
2025-10-01 20:54:10,932 INFO:   models/features_name.pkl - VALID [in C:\Projects\Loan-Prediction\APP.PY:826]
2025-10-01 20:54:10,932 INFO:   models/loan_default_model.pkl - INVALID: invalid load key, '\x0a'. [in C:\Projects\Loan-Prediction\APP.PY:826]
2025-10-01 20:54:10,935 INFO:   models/loan_model.pkl - VALID [in C:\Projects\Loan-Prediction\APP.PY:826]
2025-10-01 20:54:10,935 INFO:   models/preprocessor.pkl - INVALID: No module named 'numpy._core' [in C:\Projects\Loan-Prediction\APP.PY:826]
2025-10-01 20:54:10,935 INFO:   models/scaler.pkl - VALID [in C:\Projects\Loan-Prediction\APP.PY:826]
2025-10-01 20:54:10,935 INFO: Starting Loan Prediction App... [in C:\Projects\Loan-Prediction\APP.PY:830]
2025-10-01 20:54:18,691 INFO: Loan Prediction App Startup [in C:\Projects\Loan-Prediction\APP.PY:65]
2025-10-01 20:54:18,701 INFO: Feature names loaded from JSON: 16 features [in C:\Projects\Loan-Prediction\APP.PY:141]
2025-10-01 20:54:19,267 WARNING: Failed to load models/loan_default_model.pkl: invalid load key, '\x0a'. [in C:\Projects\Loan-Prediction\APP.PY:164]
2025-10-01 20:54:19,336 INFO: Main model loaded from models/loan_model.pkl [in C:\Projects\Loan-Prediction\APP.PY:161]
2025-10-01 20:54:19,336 WARNING: Failed to load preprocessor: No module named 'numpy._core' [in C:\Projects\Loan-Prediction\APP.PY:178]
2025-10-01 20:54:19,336 INFO: Scaler loaded [in C:\Projects\Loan-Prediction\APP.PY:189]
2025-10-01 20:54:19,336 INFO: Model type: RandomForestClassifier [in C:\Projects\Loan-Prediction\APP.PY:199]
2025-10-01 20:54:19,722 INFO: Demo user created: demo@example.com / password123 [in C:\Projects\Loan-Prediction\APP.PY:568]
2025-10-01 20:54:19,723 INFO: Model files status: [in C:\Projects\Loan-Prediction\APP.PY:824]
2025-10-01 20:54:19,723 INFO:   models/feature_names.json - VALID [in C:\Projects\Loan-Prediction\APP.PY:826]
2025-10-01 20:54:19,723 INFO:   models/features_name.pkl - VALID [in C:\Projects\Loan-Prediction\APP.PY:826]
2025-10-01 20:54:19,723 INFO:   models/loan_default_model.pkl - INVALID: invalid load key, '\x0a'. [in C:\Projects\Loan-Prediction\APP.PY:826]
2025-10-01 20:54:19,723 INFO:   models/loan_model.pkl - VALID [in C:\Projects\Loan-Prediction\APP.PY:826]
2025-10-01 20:54:19,723 INFO:   models/preprocessor.pkl - INVALID: No module named 'numpy._core' [in C:\Projects\Loan-Prediction\APP.PY:826]
2025-10-01 20:54:19,723 INFO:   models/scaler.pkl - VALID [in C:\Projects\Loan-Prediction\APP.PY:826]
2025-10-01 20:54:19,723 INFO: Starting Loan Prediction App... [in C:\Projects\Loan-Prediction\APP.PY:830]
2025-10-01 20:54:32,831 WARNING: Failed login attempt for: riyas03524@gmail.com [in C:\Projects\Loan-Prediction\APP.PY:595]
2025-10-01 20:54:50,653 INFO: New user registered: riyasm [in C:\Projects\Loan-Prediction\APP.PY:616]
2025-10-01 20:55:33,653 INFO: Prediction request from user riyasm [in C:\Projects\Loan-Prediction\APP.PY:706]
2025-10-01 20:55:33,659 INFO: Mapped features for prediction [in C:\Projects\Loan-Prediction\APP.PY:379]
2025-10-01 20:55:33,692 INFO: ML Prediction (scaler): Low Risk (Probability: 0.360) [in C:\Projects\Loan-Prediction\APP.PY:406]
2025-10-01 20:55:33,728 INFO: Prediction saved for user riyasm [in C:\Projects\Loan-Prediction\APP.PY:721]
2025-10-01 20:55:33,728 INFO: Prediction completed: Low Risk (Probability: 0.360) [in C:\Projects\Loan-Prediction\APP.PY:734]
2025-10-01 20:56:07,822 INFO: Prediction request from user riyasm [in C:\Projects\Loan-Prediction\APP.PY:706]
2025-10-01 20:56:07,822 INFO: Mapped features for prediction [in C:\Projects\Loan-Prediction\APP.PY:379]
2025-10-01 20:56:07,848 INFO: ML Prediction (scaler): Low Risk (Probability: 0.360) [in C:\Projects\Loan-Prediction\APP.PY:406]
2025-10-01 20:56:07,885 INFO: Prediction saved for user riyasm [in C:\Projects\Loan-Prediction\APP.PY:721]
2025-10-01 20:56:07,885 INFO: Prediction completed: Low Risk (Probability: 0.360) [in C:\Projects\Loan-Prediction\APP.PY:734]
2025-10-01 20:56:48,058 INFO: Prediction request from user riyasm [in C:\Projects\Loan-Prediction\APP.PY:706]
2025-10-01 20:56:48,060 INFO: Mapped features for prediction [in C:\Projects\Loan-Prediction\APP.PY:379]
2025-10-01 20:56:48,087 INFO: ML Prediction (scaler): Low Risk (Probability: 0.360) [in C:\Projects\Loan-Prediction\APP.PY:406]
2025-10-01 20:56:48,114 INFO: Prediction saved for user riyasm [in C:\Projects\Loan-Prediction\APP.PY:721]
2025-10-01 20:56:48,127 INFO: Prediction completed: Low Risk (Probability: 0.360) [in C:\Projects\Loan-Prediction\APP.PY:734]
2025-10-01 21:11:22,538 INFO: Loan Prediction App Startup [in C:\Projects\Loan-Prediction\APP.PY:66]
2025-10-01 21:11:22,557 INFO: Feature names loaded from JSON: 16 features [in C:\Projects\Loan-Prediction\APP.PY:142]
2025-10-01 21:11:23,288 WARNING: Failed to load models/loan_default_model.pkl: invalid load key, '\x0a'. [in C:\Projects\Loan-Prediction\APP.PY:170]
2025-10-01 21:11:23,377 INFO: Main model loaded from models/loan_model.pkl [in C:\Projects\Loan-Prediction\APP.PY:166]
2025-10-01 21:11:23,377 INFO: Model type: RandomForestClassifier [in C:\Projects\Loan-Prediction\APP.PY:167]
2025-10-01 21:11:23,377 WARNING: Failed to load preprocessor: No module named 'numpy._core' [in C:\Projects\Loan-Prediction\APP.PY:180]
2025-10-01 21:11:23,377 INFO: Scaler loaded [in C:\Projects\Loan-Prediction\APP.PY:188]
2025-10-01 21:11:23,788 INFO: Demo user created: demo@example.com / password123 [in C:\Projects\Loan-Prediction\APP.PY:547]
2025-10-01 21:11:23,799 INFO: Model files status: [in C:\Projects\Loan-Prediction\APP.PY:897]
2025-10-01 21:11:23,799 INFO:   models/feature_names.json - VALID [in C:\Projects\Loan-Prediction\APP.PY:899]
2025-10-01 21:11:23,799 INFO:   models/features_name.pkl - VALID [in C:\Projects\Loan-Prediction\APP.PY:899]
2025-10-01 21:11:23,799 INFO:   models/loan_default_model.pkl - INVALID: invalid load key, '\x0a'. [in C:\Projects\Loan-Prediction\APP.PY:899]
2025-10-01 21:11:23,799 INFO:   models/loan_model.pkl - VALID [in C:\Projects\Loan-Prediction\APP.PY:899]
2025-10-01 21:11:23,799 INFO:   models/preprocessor.pkl - INVALID: No module named 'numpy._core' [in C:\Projects\Loan-Prediction\APP.PY:899]
2025-10-01 21:11:23,803 INFO:   models/scaler.pkl - VALID [in C:\Projects\Loan-Prediction\APP.PY:899]
2025-10-01 21:11:23,803 INFO: Starting Loan Prediction App... [in C:\Projects\Loan-Prediction\APP.PY:903]
2025-10-01 21:11:53,937 INFO: Loan Prediction App Startup [in C:\Projects\Loan-Prediction\app.py:66]
2025-10-01 21:11:53,953 INFO: Feature names loaded from JSON: 16 features [in C:\Projects\Loan-Prediction\app.py:142]
2025-10-01 21:11:54,467 WARNING: Failed to load models/loan_default_model.pkl: invalid load key, '\x0a'. [in C:\Projects\Loan-Prediction\app.py:170]
2025-10-01 21:11:54,530 INFO: Main model loaded from models/loan_model.pkl [in C:\Projects\Loan-Prediction\app.py:166]
2025-10-01 21:11:54,530 INFO: Model type: RandomForestClassifier [in C:\Projects\Loan-Prediction\app.py:167]
2025-10-01 21:11:54,530 WARNING: Failed to load preprocessor: No module named 'numpy._core' [in C:\Projects\Loan-Prediction\app.py:180]
2025-10-01 21:11:54,533 INFO: Scaler loaded [in C:\Projects\Loan-Prediction\app.py:188]
2025-10-01 21:11:54,843 INFO: Demo user created: demo@example.com / password123 [in C:\Projects\Loan-Prediction\app.py:547]
2025-10-01 21:11:54,845 INFO: Model files status: [in C:\Projects\Loan-Prediction\app.py:897]
2025-10-01 21:11:54,845 INFO:   models/feature_names.json - VALID [in C:\Projects\Loan-Prediction\app.py:899]
2025-10-01 21:11:54,845 INFO:   models/features_name.pkl - VALID [in C:\Projects\Loan-Prediction\app.py:899]
2025-10-01 21:11:54,845 INFO:   models/loan_default_model.pkl - INVALID: invalid load key, '\x0a'. [in C:\Projects\Loan-Prediction\app.py:899]
2025-10-01 21:11:54,851 INFO:   models/loan_model.pkl - VALID [in C:\Projects\Loan-Prediction\app.py:899]
2025-10-01 21:11:54,851 INFO:   models/preprocessor.pkl - INVALID: No module named 'numpy._core' [in C:\Projects\Loan-Prediction\app.py:899]
2025-10-01 21:11:54,852 INFO:   models/scaler.pkl - VALID [in C:\Projects\Loan-Prediction\app.py:899]
2025-10-01 21:11:54,852 INFO: Starting Loan Prediction App... [in C:\Projects\Loan-Prediction\app.py:903]
2025-10-01 21:11:55,749 INFO: Loan Prediction App Startup [in C:\Projects\Loan-Prediction\app.py:66]
2025-10-01 21:11:55,753 INFO: Feature names loaded from JSON: 16 features [in C:\Projects\Loan-Prediction\app.py:142]
2025-10-01 21:11:56,269 WARNING: Failed to load models/loan_default_model.pkl: invalid load key, '\x0a'. [in C:\Projects\Loan-Prediction\app.py:170]
2025-10-01 21:11:56,333 INFO: Main model loaded from models/loan_model.pkl [in C:\Projects\Loan-Prediction\app.py:166]
2025-10-01 21:11:56,333 INFO: Model type: RandomForestClassifier [in C:\Projects\Loan-Prediction\app.py:167]
2025-10-01 21:11:56,333 WARNING: Failed to load preprocessor: No module named 'numpy._core' [in C:\Projects\Loan-Prediction\app.py:180]
2025-10-01 21:11:56,333 INFO: Scaler loaded [in C:\Projects\Loan-Prediction\app.py:188]
2025-10-01 21:11:56,686 INFO: Demo user created: demo@example.com / password123 [in C:\Projects\Loan-Prediction\app.py:547]
2025-10-01 21:11:56,686 INFO: Model files status: [in C:\Projects\Loan-Prediction\app.py:897]
2025-10-01 21:11:56,686 INFO:   models/feature_names.json - VALID [in C:\Projects\Loan-Prediction\app.py:899]
2025-10-01 21:11:56,686 INFO:   models/features_name.pkl - VALID [in C:\Projects\Loan-Prediction\app.py:899]
2025-10-01 21:11:56,686 INFO:   models/loan_default_model.pkl - INVALID: invalid load key, '\x0a'. [in C:\Projects\Loan-Prediction\app.py:899]
2025-10-01 21:11:56,686 INFO:   models/loan_model.pkl - VALID [in C:\Projects\Loan-Prediction\app.py:899]
2025-10-01 21:11:56,686 INFO:   models/preprocessor.pkl - INVALID: No module named 'numpy._core' [in C:\Projects\Loan-Prediction\app.py:899]
2025-10-01 21:11:56,686 INFO:   models/scaler.pkl - VALID [in C:\Projects\Loan-Prediction\app.py:899]
2025-10-01 21:11:56,686 INFO: Starting Loan Prediction App... [in C:\Projects\Loan-Prediction\app.py:903]
2025-10-01 21:12:16,615 INFO: New user registered: riyasm [in C:\Projects\Loan-Prediction\app.py:595]
2025-10-01 21:12:48,844 INFO: Received data: {'LoanAmount': '100000', 'AnnualIncome': '80000', 'EmploymentLength': '3', 'FicoScore': '756', 'InterestRate': '5', 'DebtToIncomeRatio': '20', 'OpenAccounts': '2', 'Term': '36', 'HomeOwnership': 'OWN'} [in C:\Projects\Loan-Prediction\app.py:729]
2025-10-01 21:12:48,844 INFO: Mapped features: {'loan_amnt': 100000.0, 'annual_inc': 80000.0, 'emp_length': 3.0, 'int_rate': 5.0, 'dti': 20.0, 'open_acc': 2.0, 'fico_score': 756.0, 'term': 36, 'home_ownership': 'OWN', 'installment': 33333.333333333336, 'revol_util': 30.0, 'total_acc': 5.0, 'pub_rec': 0.0, 'revol_bal': 8000.0, 'mort_acc': 0.0, 'verification_status': 'Verified', 'purpose': 'debt_consolidation', 'addr_state': 'CA'} [in C:\Projects\Loan-Prediction\app.py:733]
2025-10-01 21:12:48,852 INFO: Feature DataFrame shape: (1, 16) [in C:\Projects\Loan-Prediction\app.py:737]
2025-10-01 21:12:48,852 INFO: Feature DataFrame columns: ['age', 'income', 'employment_length', 'loan_amount', 'loan_term', 'interest_rate', 'credit_score', 'debt_to_income', 'home_ownership_RENT', 'home_ownership_MORTGAGE', 'home_ownership_OWN', 'home_ownership_OTHER', 'loan_purpose_DEBT_CONSOLIDATION', 'loan_purpose_CREDIT_CARD', 'loan_purpose_HOME_IMPROVEMENT', 'loan_purpose_OTHER'] [in C:\Projects\Loan-Prediction\app.py:738]
2025-10-01 21:12:48,852 INFO: Feature DataFrame values: {'age': 0.0, 'income': 0.0, 'employment_length': 0.0, 'loan_amount': 0.0, 'loan_term': 0.0, 'interest_rate': 0.0, 'credit_score': 0.0, 'debt_to_income': 0.0, 'home_ownership_RENT': 0.0, 'home_ownership_MORTGAGE': 0.0, 'home_ownership_OWN': 0.0, 'home_ownership_OTHER': 0.0, 'loan_purpose_DEBT_CONSOLIDATION': 0.0, 'loan_purpose_CREDIT_CARD': 0.0, 'loan_purpose_HOME_IMPROVEMENT': 0.0, 'loan_purpose_OTHER': 0.0} [in C:\Projects\Loan-Prediction\app.py:739]
2025-10-01 21:12:48,852 INFO: Model status: {'model_loaded': True, 'preprocessor_loaded': False, 'scaler_loaded': True, 'feature_names_loaded': True, 'feature_names_count': 16} [in C:\Projects\Loan-Prediction\app.py:749]
2025-10-01 21:12:48,852 INFO: Features for prediction: (1, 16) [in C:\Projects\Loan-Prediction\app.py:319]
2025-10-01 21:12:48,868 INFO: Feature columns: ['age', 'income', 'employment_length', 'loan_amount', 'loan_term', 'interest_rate', 'credit_score', 'debt_to_income', 'home_ownership_RENT', 'home_ownership_MORTGAGE', 'home_ownership_OWN', 'home_ownership_OTHER', 'loan_purpose_DEBT_CONSOLIDATION', 'loan_purpose_CREDIT_CARD', 'loan_purpose_HOME_IMPROVEMENT', 'loan_purpose_OTHER'] [in C:\Projects\Loan-Prediction\app.py:320]
2025-10-01 21:12:48,886 INFO: ML Prediction (scaler): Low Risk (Probability: 0.360) [in C:\Projects\Loan-Prediction\app.py:358]
2025-10-01 21:13:31,335 INFO: Received data: {'LoanAmount': '100000', 'AnnualIncome': '80000', 'EmploymentLength': '3', 'FicoScore': '756', 'InterestRate': '5', 'DebtToIncomeRatio': '20', 'OpenAccounts': '2', 'Term': '36', 'HomeOwnership': 'OWN'} [in C:\Projects\Loan-Prediction\app.py:729]
2025-10-01 21:13:31,337 INFO: Mapped features: {'loan_amnt': 100000.0, 'annual_inc': 80000.0, 'emp_length': 3.0, 'int_rate': 5.0, 'dti': 20.0, 'open_acc': 2.0, 'fico_score': 756.0, 'term': 36, 'home_ownership': 'OWN', 'installment': 33333.333333333336, 'revol_util': 30.0, 'total_acc': 5.0, 'pub_rec': 0.0, 'revol_bal': 8000.0, 'mort_acc': 0.0, 'verification_status': 'Verified', 'purpose': 'debt_consolidation', 'addr_state': 'CA'} [in C:\Projects\Loan-Prediction\app.py:733]
2025-10-01 21:13:31,340 INFO: Feature DataFrame shape: (1, 16) [in C:\Projects\Loan-Prediction\app.py:737]
2025-10-01 21:13:31,343 INFO: Feature DataFrame columns: ['age', 'income', 'employment_length', 'loan_amount', 'loan_term', 'interest_rate', 'credit_score', 'debt_to_income', 'home_ownership_RENT', 'home_ownership_MORTGAGE', 'home_ownership_OWN', 'home_ownership_OTHER', 'loan_purpose_DEBT_CONSOLIDATION', 'loan_purpose_CREDIT_CARD', 'loan_purpose_HOME_IMPROVEMENT', 'loan_purpose_OTHER'] [in C:\Projects\Loan-Prediction\app.py:738]
2025-10-01 21:13:31,348 INFO: Feature DataFrame values: {'age': 0.0, 'income': 0.0, 'employment_length': 0.0, 'loan_amount': 0.0, 'loan_term': 0.0, 'interest_rate': 0.0, 'credit_score': 0.0, 'debt_to_income': 0.0, 'home_ownership_RENT': 0.0, 'home_ownership_MORTGAGE': 0.0, 'home_ownership_OWN': 0.0, 'home_ownership_OTHER': 0.0, 'loan_purpose_DEBT_CONSOLIDATION': 0.0, 'loan_purpose_CREDIT_CARD': 0.0, 'loan_purpose_HOME_IMPROVEMENT': 0.0, 'loan_purpose_OTHER': 0.0} [in C:\Projects\Loan-Prediction\app.py:739]
2025-10-01 21:13:31,349 INFO: Model status: {'model_loaded': True, 'preprocessor_loaded': False, 'scaler_loaded': True, 'feature_names_loaded': True, 'feature_names_count': 16} [in C:\Projects\Loan-Prediction\app.py:749]
2025-10-01 21:13:31,349 INFO: Features for prediction: (1, 16) [in C:\Projects\Loan-Prediction\app.py:319]
2025-10-01 21:13:31,360 INFO: Feature columns: ['age', 'income', 'employment_length', 'loan_amount', 'loan_term', 'interest_rate', 'credit_score', 'debt_to_income', 'home_ownership_RENT', 'home_ownership_MORTGAGE', 'home_ownership_OWN', 'home_ownership_OTHER', 'loan_purpose_DEBT_CONSOLIDATION', 'loan_purpose_CREDIT_CARD', 'loan_purpose_HOME_IMPROVEMENT', 'loan_purpose_OTHER'] [in C:\Projects\Loan-Prediction\app.py:320]
2025-10-01 21:13:31,376 INFO: ML Prediction (scaler): Low Risk (Probability: 0.360) [in C:\Projects\Loan-Prediction\app.py:358]
2025-10-01 21:13:31,393 INFO: Prediction request from user riyasm [in C:\Projects\Loan-Prediction\app.py:685]
2025-10-01 21:13:31,403 INFO: Features for prediction: (1, 16) [in C:\Projects\Loan-Prediction\app.py:319]
2025-10-01 21:13:31,403 INFO: Feature columns: ['age', 'income', 'employment_length', 'loan_amount', 'loan_term', 'interest_rate', 'credit_score', 'debt_to_income', 'home_ownership_RENT', 'home_ownership_MORTGAGE', 'home_ownership_OWN', 'home_ownership_OTHER', 'loan_purpose_DEBT_CONSOLIDATION', 'loan_purpose_CREDIT_CARD', 'loan_purpose_HOME_IMPROVEMENT', 'loan_purpose_OTHER'] [in C:\Projects\Loan-Prediction\app.py:320]
2025-10-01 21:13:31,427 INFO: ML Prediction (scaler): Low Risk (Probability: 0.360) [in C:\Projects\Loan-Prediction\app.py:358]
2025-10-01 21:13:31,454 INFO: Prediction saved for user riyasm [in C:\Projects\Loan-Prediction\app.py:700]
2025-10-01 21:13:31,454 INFO: Prediction completed: Low Risk (Probability: 0.360) [in C:\Projects\Loan-Prediction\app.py:713]
2025-10-01 21:13:58,702 INFO: Received data: {'LoanAmount': '400000', 'AnnualIncome': '80000', 'EmploymentLength': '3', 'FicoScore': '765', 'InterestRate': '3', 'DebtToIncomeRatio': '20', 'OpenAccounts': '2', 'Term': '120', 'HomeOwnership': 'MORTGAGE'} [in C:\Projects\Loan-Prediction\app.py:729]
2025-10-01 21:13:58,704 INFO: Mapped features: {'loan_amnt': 400000.0, 'annual_inc': 80000.0, 'emp_length': 3.0, 'int_rate': 3.0, 'dti': 20.0, 'open_acc': 2.0, 'fico_score': 765.0, 'term': 120, 'home_ownership': 'MORTGAGE', 'installment': 40000.0, 'revol_util': 30.0, 'total_acc': 5.0, 'pub_rec': 0.0, 'revol_bal': 8000.0, 'mort_acc': 1.0, 'verification_status': 'Verified', 'purpose': 'debt_consolidation', 'addr_state': 'CA'} [in C:\Projects\Loan-Prediction\app.py:733]
2025-10-01 21:13:58,711 INFO: Feature DataFrame shape: (1, 16) [in C:\Projects\Loan-Prediction\app.py:737]
2025-10-01 21:13:58,714 INFO: Feature DataFrame columns: ['age', 'income', 'employment_length', 'loan_amount', 'loan_term', 'interest_rate', 'credit_score', 'debt_to_income', 'home_ownership_RENT', 'home_ownership_MORTGAGE', 'home_ownership_OWN', 'home_ownership_OTHER', 'loan_purpose_DEBT_CONSOLIDATION', 'loan_purpose_CREDIT_CARD', 'loan_purpose_HOME_IMPROVEMENT', 'loan_purpose_OTHER'] [in C:\Projects\Loan-Prediction\app.py:738]
2025-10-01 21:13:58,715 INFO: Feature DataFrame values: {'age': 0.0, 'income': 0.0, 'employment_length': 0.0, 'loan_amount': 0.0, 'loan_term': 0.0, 'interest_rate': 0.0, 'credit_score': 0.0, 'debt_to_income': 0.0, 'home_ownership_RENT': 0.0, 'home_ownership_MORTGAGE': 0.0, 'home_ownership_OWN': 0.0, 'home_ownership_OTHER': 0.0, 'loan_purpose_DEBT_CONSOLIDATION': 0.0, 'loan_purpose_CREDIT_CARD': 0.0, 'loan_purpose_HOME_IMPROVEMENT': 0.0, 'loan_purpose_OTHER': 0.0} [in C:\Projects\Loan-Prediction\app.py:739]
2025-10-01 21:13:58,716 INFO: Model status: {'model_loaded': True, 'preprocessor_loaded': False, 'scaler_loaded': True, 'feature_names_loaded': True, 'feature_names_count': 16} [in C:\Projects\Loan-Prediction\app.py:749]
2025-10-01 21:13:58,720 INFO: Features for prediction: (1, 16) [in C:\Projects\Loan-Prediction\app.py:319]
2025-10-01 21:13:58,722 INFO: Feature columns: ['age', 'income', 'employment_length', 'loan_amount', 'loan_term', 'interest_rate', 'credit_score', 'debt_to_income', 'home_ownership_RENT', 'home_ownership_MORTGAGE', 'home_ownership_OWN', 'home_ownership_OTHER', 'loan_purpose_DEBT_CONSOLIDATION', 'loan_purpose_CREDIT_CARD', 'loan_purpose_HOME_IMPROVEMENT', 'loan_purpose_OTHER'] [in C:\Projects\Loan-Prediction\app.py:320]
2025-10-01 21:13:58,754 INFO: ML Prediction (scaler): Low Risk (Probability: 0.360) [in C:\Projects\Loan-Prediction\app.py:358]
2025-10-01 21:14:04,048 INFO: Received data: {'LoanAmount': '400000', 'AnnualIncome': '80000', 'EmploymentLength': '3', 'FicoScore': '765', 'InterestRate': '3', 'DebtToIncomeRatio': '20', 'OpenAccounts': '2', 'Term': '120', 'HomeOwnership': 'MORTGAGE'} [in C:\Projects\Loan-Prediction\app.py:729]
2025-10-01 21:14:04,050 INFO: Mapped features: {'loan_amnt': 400000.0, 'annual_inc': 80000.0, 'emp_length': 3.0, 'int_rate': 3.0, 'dti': 20.0, 'open_acc': 2.0, 'fico_score': 765.0, 'term': 120, 'home_ownership': 'MORTGAGE', 'installment': 40000.0, 'revol_util': 30.0, 'total_acc': 5.0, 'pub_rec': 0.0, 'revol_bal': 8000.0, 'mort_acc': 1.0, 'verification_status': 'Verified', 'purpose': 'debt_consolidation', 'addr_state': 'CA'} [in C:\Projects\Loan-Prediction\app.py:733]
2025-10-01 21:14:04,054 INFO: Feature DataFrame shape: (1, 16) [in C:\Projects\Loan-Prediction\app.py:737]
2025-10-01 21:14:04,054 INFO: Feature DataFrame columns: ['age', 'income', 'employment_length', 'loan_amount', 'loan_term', 'interest_rate', 'credit_score', 'debt_to_income', 'home_ownership_RENT', 'home_ownership_MORTGAGE', 'home_ownership_OWN', 'home_ownership_OTHER', 'loan_purpose_DEBT_CONSOLIDATION', 'loan_purpose_CREDIT_CARD', 'loan_purpose_HOME_IMPROVEMENT', 'loan_purpose_OTHER'] [in C:\Projects\Loan-Prediction\app.py:738]
2025-10-01 21:14:04,060 INFO: Feature DataFrame values: {'age': 0.0, 'income': 0.0, 'employment_length': 0.0, 'loan_amount': 0.0, 'loan_term': 0.0, 'interest_rate': 0.0, 'credit_score': 0.0, 'debt_to_income': 0.0, 'home_ownership_RENT': 0.0, 'home_ownership_MORTGAGE': 0.0, 'home_ownership_OWN': 0.0, 'home_ownership_OTHER': 0.0, 'loan_purpose_DEBT_CONSOLIDATION': 0.0, 'loan_purpose_CREDIT_CARD': 0.0, 'loan_purpose_HOME_IMPROVEMENT': 0.0, 'loan_purpose_OTHER': 0.0} [in C:\Projects\Loan-Prediction\app.py:739]
2025-10-01 21:14:04,060 INFO: Model status: {'model_loaded': True, 'preprocessor_loaded': False, 'scaler_loaded': True, 'feature_names_loaded': True, 'feature_names_count': 16} [in C:\Projects\Loan-Prediction\app.py:749]
2025-10-01 21:14:04,072 INFO: Features for prediction: (1, 16) [in C:\Projects\Loan-Prediction\app.py:319]
2025-10-01 21:14:04,075 INFO: Feature columns: ['age', 'income', 'employment_length', 'loan_amount', 'loan_term', 'interest_rate', 'credit_score', 'debt_to_income', 'home_ownership_RENT', 'home_ownership_MORTGAGE', 'home_ownership_OWN', 'home_ownership_OTHER', 'loan_purpose_DEBT_CONSOLIDATION', 'loan_purpose_CREDIT_CARD', 'loan_purpose_HOME_IMPROVEMENT', 'loan_purpose_OTHER'] [in C:\Projects\Loan-Prediction\app.py:320]
2025-10-01 21:14:04,086 INFO: ML Prediction (scaler): Low Risk (Probability: 0.360) [in C:\Projects\Loan-Prediction\app.py:358]
2025-10-01 21:14:04,111 INFO: Prediction request from user riyasm [in C:\Projects\Loan-Prediction\app.py:685]
2025-10-01 21:14:04,116 INFO: Features for prediction: (1, 16) [in C:\Projects\Loan-Prediction\app.py:319]
2025-10-01 21:14:04,116 INFO: Feature columns: ['age', 'income', 'employment_length', 'loan_amount', 'loan_term', 'interest_rate', 'credit_score', 'debt_to_income', 'home_ownership_RENT', 'home_ownership_MORTGAGE', 'home_ownership_OWN', 'home_ownership_OTHER', 'loan_purpose_DEBT_CONSOLIDATION', 'loan_purpose_CREDIT_CARD', 'loan_purpose_HOME_IMPROVEMENT', 'loan_purpose_OTHER'] [in C:\Projects\Loan-Prediction\app.py:320]
2025-10-01 21:14:04,136 INFO: ML Prediction (scaler): Low Risk (Probability: 0.360) [in C:\Projects\Loan-Prediction\app.py:358]
2025-10-01 21:14:04,158 INFO: Prediction saved for user riyasm [in C:\Projects\Loan-Prediction\app.py:700]
2025-10-01 21:14:04,158 INFO: Prediction completed: Low Risk (Probability: 0.360) [in C:\Projects\Loan-Prediction\app.py:713]
2025-10-01 21:24:40,320 INFO: Loan Prediction App Startup [in C:\Projects\Loan-Prediction\app.py:74]
2025-10-01 21:24:40,968 WARNING: Failed to load models/loan_default_model.pkl: invalid load key, '\x0a'. [in C:\Projects\Loan-Prediction\app.py:158]
2025-10-01 21:24:41,023 INFO: Main model loaded from models/loan_model.pkl [in C:\Projects\Loan-Prediction\app.py:155]
2025-10-01 21:24:41,023 INFO: Standard Scaler loaded. [in C:\Projects\Loan-Prediction\app.py:167]
2025-10-01 21:24:41,405 INFO: Demo user created: demo@example.com / password123 [in C:\Projects\Loan-Prediction\app.py:468]
2025-10-01 21:24:41,405 INFO: Model files status: [in C:\Projects\Loan-Prediction\app.py:819]
2025-10-01 21:24:41,405 INFO:   models/loan_default_model.pkl - INVALID: invalid load key, '\x0a'. [in C:\Projects\Loan-Prediction\app.py:821]
2025-10-01 21:24:41,405 INFO:   models/loan_model.pkl - VALID [in C:\Projects\Loan-Prediction\app.py:821]
2025-10-01 21:24:41,405 INFO:   models/scaler.pkl - VALID [in C:\Projects\Loan-Prediction\app.py:821]
2025-10-01 21:24:41,405 INFO:   Model Loaded: True [in C:\Projects\Loan-Prediction\app.py:821]
2025-10-01 21:24:41,414 INFO:   Scaler Loaded: True [in C:\Projects\Loan-Prediction\app.py:821]
2025-10-01 21:24:41,414 INFO: Starting Loan Prediction App... [in C:\Projects\Loan-Prediction\app.py:825]
2025-10-01 21:24:59,994 INFO: Loan Prediction App Startup [in C:\Projects\Loan-Prediction\app.py:74]
2025-10-01 21:25:00,521 WARNING: Failed to load models/loan_default_model.pkl: invalid load key, '\x0a'. [in C:\Projects\Loan-Prediction\app.py:158]
2025-10-01 21:25:00,580 INFO: Main model loaded from models/loan_model.pkl [in C:\Projects\Loan-Prediction\app.py:155]
2025-10-01 21:25:00,580 INFO: Standard Scaler loaded. [in C:\Projects\Loan-Prediction\app.py:167]
2025-10-01 21:25:00,898 INFO: Demo user created: demo@example.com / password123 [in C:\Projects\Loan-Prediction\app.py:468]
2025-10-01 21:25:00,908 INFO: Model files status: [in C:\Projects\Loan-Prediction\app.py:819]
2025-10-01 21:25:00,910 INFO:   models/loan_default_model.pkl - INVALID: invalid load key, '\x0a'. [in C:\Projects\Loan-Prediction\app.py:821]
2025-10-01 21:25:00,910 INFO:   models/loan_model.pkl - VALID [in C:\Projects\Loan-Prediction\app.py:821]
2025-10-01 21:25:00,910 INFO:   models/scaler.pkl - VALID [in C:\Projects\Loan-Prediction\app.py:821]
2025-10-01 21:25:00,910 INFO:   Model Loaded: True [in C:\Projects\Loan-Prediction\app.py:821]
2025-10-01 21:25:00,910 INFO:   Scaler Loaded: True [in C:\Projects\Loan-Prediction\app.py:821]
2025-10-01 21:25:00,910 INFO: Starting Loan Prediction App... [in C:\Projects\Loan-Prediction\app.py:825]
2025-10-01 21:25:01,808 INFO: Loan Prediction App Startup [in C:\Projects\Loan-Prediction\app.py:74]
2025-10-01 21:25:02,337 WARNING: Failed to load models/loan_default_model.pkl: invalid load key, '\x0a'. [in C:\Projects\Loan-Prediction\app.py:158]
2025-10-01 21:25:02,396 INFO: Main model loaded from models/loan_model.pkl [in C:\Projects\Loan-Prediction\app.py:155]
2025-10-01 21:25:02,396 INFO: Standard Scaler loaded. [in C:\Projects\Loan-Prediction\app.py:167]
2025-10-01 21:25:02,754 INFO: Demo user created: demo@example.com / password123 [in C:\Projects\Loan-Prediction\app.py:468]
2025-10-01 21:25:02,758 INFO: Model files status: [in C:\Projects\Loan-Prediction\app.py:819]
2025-10-01 21:25:02,758 INFO:   models/loan_default_model.pkl - INVALID: invalid load key, '\x0a'. [in C:\Projects\Loan-Prediction\app.py:821]
2025-10-01 21:25:02,758 INFO:   models/loan_model.pkl - VALID [in C:\Projects\Loan-Prediction\app.py:821]
2025-10-01 21:25:02,758 INFO:   models/scaler.pkl - VALID [in C:\Projects\Loan-Prediction\app.py:821]
2025-10-01 21:25:02,762 INFO:   Model Loaded: True [in C:\Projects\Loan-Prediction\app.py:821]
2025-10-01 21:25:02,762 INFO:   Scaler Loaded: True [in C:\Projects\Loan-Prediction\app.py:821]
2025-10-01 21:25:02,762 INFO: Starting Loan Prediction App... [in C:\Projects\Loan-Prediction\app.py:825]
2025-10-01 21:25:25,514 INFO: New user registered: riyasm [in C:\Projects\Loan-Prediction\app.py:516]
2025-10-01 21:25:55,519 INFO: Received data: {'LoanAmount': '100000', 'AnnualIncome': '80000', 'EmploymentLength': '3', 'FicoScore': '754', 'InterestRate': '5', 'DebtToIncomeRatio': '20', 'OpenAccounts': '2', 'Term': '60', 'HomeOwnership': 'MORTGAGE'} [in C:\Projects\Loan-Prediction\app.py:650]
2025-10-01 21:25:55,523 INFO: Mapped features: {'Age': 35.0, 'Income': 80000.0, 'LoanAmount': 100000.0, 'MonthsEmployed': 36.0, 'NumCreditLines': 2.0, 'InterestRate': 5.0, 'LoanTerm': 60.0, 'DTIRatio': 20.0, 'Default': 0.0} [in C:\Projects\Loan-Prediction\app.py:654]
2025-10-01 21:25:55,528 INFO: Feature DataFrame shape: (1, 9) [in C:\Projects\Loan-Prediction\app.py:658]
2025-10-01 21:25:55,528 INFO: Feature DataFrame columns: ['Age', 'Income', 'LoanAmount', 'MonthsEmployed', 'NumCreditLines', 'InterestRate', 'LoanTerm', 'DTIRatio', 'Default'] [in C:\Projects\Loan-Prediction\app.py:659]
2025-10-01 21:25:55,528 INFO: Feature DataFrame values: {'Age': 35.0, 'Income': 80000.0, 'LoanAmount': 100000.0, 'MonthsEmployed': 36.0, 'NumCreditLines': 2.0, 'InterestRate': 5.0, 'LoanTerm': 60.0, 'DTIRatio': 20.0, 'Default': 0.0} [in C:\Projects\Loan-Prediction\app.py:660]
2025-10-01 21:25:55,532 INFO: Model status: {'model_loaded': True, 'preprocessor_loaded': False, 'scaler_loaded': True, 'feature_names_loaded': True, 'feature_names_count': 9} [in C:\Projects\Loan-Prediction\app.py:670]
2025-10-01 21:25:55,535 INFO: Using 9 features for prediction: ['Age', 'Income', 'LoanAmount', 'MonthsEmployed', 'NumCreditLines', 'InterestRate', 'LoanTerm', 'DTIRatio', 'Default'] [in C:\Projects\Loan-Prediction\app.py:258]
2025-10-01 21:25:55,542 ERROR: ML prediction failed (9 features): X has 9 features, but StandardScaler is expecting 16 features as input. [in C:\Projects\Loan-Prediction\app.py:279]
2025-10-01 21:25:55,542 INFO: Falling back to rule-based prediction [in C:\Projects\Loan-Prediction\app.py:280]
2025-10-01 21:25:55,542 INFO: Rule-based Prediction: Low Risk (Probability: 0.150) [in C:\Projects\Loan-Prediction\app.py:370]
2025-10-01 21:25:55,551 INFO: Inputs - DTI: 20.0, FICO: 754.0, Emp: 3.0 [in C:\Projects\Loan-Prediction\app.py:371]
2025-10-01 21:25:55,568 INFO: Prediction request from user riyasm [in C:\Projects\Loan-Prediction\app.py:606]
2025-10-01 21:25:55,568 INFO: Using 9 features for prediction: ['Age', 'Income', 'LoanAmount', 'MonthsEmployed', 'NumCreditLines', 'InterestRate', 'LoanTerm', 'DTIRatio', 'Default'] [in C:\Projects\Loan-Prediction\app.py:258]
2025-10-01 21:25:55,576 ERROR: ML prediction failed (9 features): X has 9 features, but StandardScaler is expecting 16 features as input. [in C:\Projects\Loan-Prediction\app.py:279]
2025-10-01 21:25:55,576 INFO: Falling back to rule-based prediction [in C:\Projects\Loan-Prediction\app.py:280]
2025-10-01 21:25:55,576 INFO: Rule-based Prediction: Low Risk (Probability: 0.150) [in C:\Projects\Loan-Prediction\app.py:370]
2025-10-01 21:25:55,585 INFO: Inputs - DTI: 20.0, FICO: 754.0, Emp: 3.0 [in C:\Projects\Loan-Prediction\app.py:371]
2025-10-01 21:25:55,610 INFO: Prediction saved for user riyasm [in C:\Projects\Loan-Prediction\app.py:621]
2025-10-01 21:25:55,610 INFO: Prediction completed: Low Risk (Probability: 0.150) [in C:\Projects\Loan-Prediction\app.py:634]
2025-10-01 21:26:29,505 INFO: Received data: {'LoanAmount': '300000', 'AnnualIncome': '90000', 'EmploymentLength': '7', 'FicoScore': '657', 'InterestRate': '4', 'DebtToIncomeRatio': '22', 'OpenAccounts': '5', 'Term': '36', 'HomeOwnership': 'OWN'} [in C:\Projects\Loan-Prediction\app.py:650]
2025-10-01 21:26:29,505 INFO: Mapped features: {'Age': 35.0, 'Income': 90000.0, 'LoanAmount': 300000.0, 'MonthsEmployed': 84.0, 'NumCreditLines': 5.0, 'InterestRate': 4.0, 'LoanTerm': 36.0, 'DTIRatio': 22.0, 'Default': 0.0} [in C:\Projects\Loan-Prediction\app.py:654]
2025-10-01 21:26:29,513 INFO: Feature DataFrame shape: (1, 9) [in C:\Projects\Loan-Prediction\app.py:658]
2025-10-01 21:26:29,513 INFO: Feature DataFrame columns: ['Age', 'Income', 'LoanAmount', 'MonthsEmployed', 'NumCreditLines', 'InterestRate', 'LoanTerm', 'DTIRatio', 'Default'] [in C:\Projects\Loan-Prediction\app.py:659]
2025-10-01 21:26:29,513 INFO: Feature DataFrame values: {'Age': 35.0, 'Income': 90000.0, 'LoanAmount': 300000.0, 'MonthsEmployed': 84.0, 'NumCreditLines': 5.0, 'InterestRate': 4.0, 'LoanTerm': 36.0, 'DTIRatio': 22.0, 'Default': 0.0} [in C:\Projects\Loan-Prediction\app.py:660]
2025-10-01 21:26:29,513 INFO: Model status: {'model_loaded': True, 'preprocessor_loaded': False, 'scaler_loaded': True, 'feature_names_loaded': True, 'feature_names_count': 9} [in C:\Projects\Loan-Prediction\app.py:670]
2025-10-01 21:26:29,522 INFO: Using 9 features for prediction: ['Age', 'Income', 'LoanAmount', 'MonthsEmployed', 'NumCreditLines', 'InterestRate', 'LoanTerm', 'DTIRatio', 'Default'] [in C:\Projects\Loan-Prediction\app.py:258]
2025-10-01 21:26:29,528 ERROR: ML prediction failed (9 features): X has 9 features, but StandardScaler is expecting 16 features as input. [in C:\Projects\Loan-Prediction\app.py:279]
2025-10-01 21:26:29,528 INFO: Falling back to rule-based prediction [in C:\Projects\Loan-Prediction\app.py:280]
2025-10-01 21:26:29,532 INFO: Rule-based Prediction: Medium Risk (Probability: 0.550) [in C:\Projects\Loan-Prediction\app.py:370]
2025-10-01 21:26:29,534 INFO: Inputs - DTI: 22.0, FICO: 657.0, Emp: 7.0 [in C:\Projects\Loan-Prediction\app.py:371]
2025-10-01 21:26:29,553 INFO: Prediction request from user riyasm [in C:\Projects\Loan-Prediction\app.py:606]
2025-10-01 21:26:29,553 INFO: Using 9 features for prediction: ['Age', 'Income', 'LoanAmount', 'MonthsEmployed', 'NumCreditLines', 'InterestRate', 'LoanTerm', 'DTIRatio', 'Default'] [in C:\Projects\Loan-Prediction\app.py:258]
2025-10-01 21:26:29,563 ERROR: ML prediction failed (9 features): X has 9 features, but StandardScaler is expecting 16 features as input. [in C:\Projects\Loan-Prediction\app.py:279]
2025-10-01 21:26:29,563 INFO: Falling back to rule-based prediction [in C:\Projects\Loan-Prediction\app.py:280]
2025-10-01 21:26:29,563 INFO: Rule-based Prediction: Medium Risk (Probability: 0.550) [in C:\Projects\Loan-Prediction\app.py:370]
2025-10-01 21:26:29,563 INFO: Inputs - DTI: 22.0, FICO: 657.0, Emp: 7.0 [in C:\Projects\Loan-Prediction\app.py:371]
2025-10-01 21:26:29,596 INFO: Prediction saved for user riyasm [in C:\Projects\Loan-Prediction\app.py:621]
2025-10-01 21:26:29,596 INFO: Prediction completed: Medium Risk (Probability: 0.550) [in C:\Projects\Loan-Prediction\app.py:634]
2025-10-01 21:28:10,142 INFO: Loan Prediction App Startup [in C:\Projects\Loan-Prediction\app.py:74]
2025-10-01 21:28:10,737 WARNING: Failed to load models/loan_default_model.pkl: invalid load key, '\x0a'. [in C:\Projects\Loan-Prediction\app.py:156]
2025-10-01 21:28:10,805 INFO: Main model loaded from models/loan_model.pkl [in C:\Projects\Loan-Prediction\app.py:153]
2025-10-01 21:28:10,807 INFO: Standard Scaler loaded. [in C:\Projects\Loan-Prediction\app.py:165]
2025-10-01 21:28:11,223 INFO: Model files status: [in C:\Projects\Loan-Prediction\app.py:696]
2025-10-01 21:28:11,223 INFO:   models/loan_default_model.pkl - INVALID: invalid load key, '\x0a'. [in C:\Projects\Loan-Prediction\app.py:698]
2025-10-01 21:28:11,223 INFO:   models/loan_model.pkl - VALID [in C:\Projects\Loan-Prediction\app.py:698]
2025-10-01 21:28:11,223 INFO:   models/scaler.pkl - VALID [in C:\Projects\Loan-Prediction\app.py:698]
2025-10-01 21:28:11,223 INFO:   Model Loaded: True [in C:\Projects\Loan-Prediction\app.py:698]
2025-10-01 21:28:11,223 INFO:   Scaler Loaded: True [in C:\Projects\Loan-Prediction\app.py:698]
2025-10-01 21:28:11,223 INFO: Starting Loan Prediction App... [in C:\Projects\Loan-Prediction\app.py:702]
2025-10-01 21:28:20,481 INFO: Loan Prediction App Startup [in C:\Projects\Loan-Prediction\app.py:74]
2025-10-01 21:28:21,049 WARNING: Failed to load models/loan_default_model.pkl: invalid load key, '\x0a'. [in C:\Projects\Loan-Prediction\app.py:156]
2025-10-01 21:28:21,118 INFO: Main model loaded from models/loan_model.pkl [in C:\Projects\Loan-Prediction\app.py:153]
2025-10-01 21:28:21,118 INFO: Standard Scaler loaded. [in C:\Projects\Loan-Prediction\app.py:165]
2025-10-01 21:28:21,442 INFO: Model files status: [in C:\Projects\Loan-Prediction\app.py:696]
2025-10-01 21:28:21,442 INFO:   models/loan_default_model.pkl - INVALID: invalid load key, '\x0a'. [in C:\Projects\Loan-Prediction\app.py:698]
2025-10-01 21:28:21,442 INFO:   models/loan_model.pkl - VALID [in C:\Projects\Loan-Prediction\app.py:698]
2025-10-01 21:28:21,442 INFO:   models/scaler.pkl - VALID [in C:\Projects\Loan-Prediction\app.py:698]
2025-10-01 21:28:21,444 INFO:   Model Loaded: True [in C:\Projects\Loan-Prediction\app.py:698]
2025-10-01 21:28:21,444 INFO:   Scaler Loaded: True [in C:\Projects\Loan-Prediction\app.py:698]
2025-10-01 21:28:21,444 INFO: Starting Loan Prediction App... [in C:\Projects\Loan-Prediction\app.py:702]
2025-10-01 21:28:22,400 INFO: Loan Prediction App Startup [in C:\Projects\Loan-Prediction\app.py:74]
2025-10-01 21:28:22,967 WARNING: Failed to load models/loan_default_model.pkl: invalid load key, '\x0a'. [in C:\Projects\Loan-Prediction\app.py:156]
2025-10-01 21:28:23,027 INFO: Main model loaded from models/loan_model.pkl [in C:\Projects\Loan-Prediction\app.py:153]
2025-10-01 21:28:23,028 INFO: Standard Scaler loaded. [in C:\Projects\Loan-Prediction\app.py:165]
2025-10-01 21:28:23,360 INFO: Model files status: [in C:\Projects\Loan-Prediction\app.py:696]
2025-10-01 21:28:23,360 INFO:   models/loan_default_model.pkl - INVALID: invalid load key, '\x0a'. [in C:\Projects\Loan-Prediction\app.py:698]
2025-10-01 21:28:23,360 INFO:   models/loan_model.pkl - VALID [in C:\Projects\Loan-Prediction\app.py:698]
2025-10-01 21:28:23,360 INFO:   models/scaler.pkl - VALID [in C:\Projects\Loan-Prediction\app.py:698]
2025-10-01 21:28:23,360 INFO:   Model Loaded: True [in C:\Projects\Loan-Prediction\app.py:698]
2025-10-01 21:28:23,360 INFO:   Scaler Loaded: True [in C:\Projects\Loan-Prediction\app.py:698]
2025-10-01 21:28:23,360 INFO: Starting Loan Prediction App... [in C:\Projects\Loan-Prediction\app.py:702]
2025-10-01 21:34:32,552 INFO: Loan Prediction App Startup [in C:\Projects\Loan-Prediction\app.py:69]
2025-10-01 21:34:33,608 WARNING: Failed to load models/loan_default_model.pkl: invalid load key, '\x0a'. [in C:\Projects\Loan-Prediction\app.py:151]
2025-10-01 21:34:33,741 INFO: Main model loaded from models/loan_model.pkl [in C:\Projects\Loan-Prediction\app.py:148]
2025-10-01 21:34:33,741 INFO: Standard Scaler loaded. [in C:\Projects\Loan-Prediction\app.py:160]
2025-10-01 21:34:34,115 INFO: Model files status: [in C:\Projects\Loan-Prediction\app.py:683]
2025-10-01 21:34:34,117 INFO:   models/loan_default_model.pkl - INVALID: invalid load key, '\x0a'. [in C:\Projects\Loan-Prediction\app.py:685]
2025-10-01 21:34:34,118 INFO:   models/loan_model.pkl - VALID [in C:\Projects\Loan-Prediction\app.py:685]
2025-10-01 21:34:34,119 INFO:   models/scaler.pkl - VALID [in C:\Projects\Loan-Prediction\app.py:685]
2025-10-01 21:34:34,119 INFO:   Model Loaded: True [in C:\Projects\Loan-Prediction\app.py:685]
2025-10-01 21:34:34,119 INFO:   Scaler Loaded: True [in C:\Projects\Loan-Prediction\app.py:685]
2025-10-01 21:34:34,120 INFO: Starting Loan Prediction App... [in C:\Projects\Loan-Prediction\app.py:689]
2025-10-01 21:35:43,227 INFO: Using 9 features for prediction: ['Age', 'Income', 'LoanAmount', 'MonthsEmployed', 'NumCreditLines', 'InterestRate', 'LoanTerm', 'DTIRatio', 'Default'] [in C:\Projects\Loan-Prediction\app.py:246]
2025-10-01 21:35:43,243 ERROR: ML prediction failed (9 features): X has 9 features, but StandardScaler is expecting 16 features as input. [in C:\Projects\Loan-Prediction\app.py:267]
2025-10-01 21:35:43,243 INFO: Falling back to rule-based prediction [in C:\Projects\Loan-Prediction\app.py:268]
2025-10-01 21:35:56,480 INFO: Using 9 features for prediction: ['Age', 'Income', 'LoanAmount', 'MonthsEmployed', 'NumCreditLines', 'InterestRate', 'LoanTerm', 'DTIRatio', 'Default'] [in C:\Projects\Loan-Prediction\app.py:246]
2025-10-01 21:35:56,480 ERROR: ML prediction failed (9 features): X has 9 features, but StandardScaler is expecting 16 features as input. [in C:\Projects\Loan-Prediction\app.py:267]
2025-10-01 21:35:56,480 INFO: Falling back to rule-based prediction [in C:\Projects\Loan-Prediction\app.py:268]
2025-10-01 21:36:07,706 INFO: Using 9 features for prediction: ['Age', 'Income', 'LoanAmount', 'MonthsEmployed', 'NumCreditLines', 'InterestRate', 'LoanTerm', 'DTIRatio', 'Default'] [in C:\Projects\Loan-Prediction\app.py:246]
2025-10-01 21:36:07,724 ERROR: ML prediction failed (9 features): X has 9 features, but StandardScaler is expecting 16 features as input. [in C:\Projects\Loan-Prediction\app.py:267]
2025-10-01 21:36:07,724 INFO: Falling back to rule-based prediction [in C:\Projects\Loan-Prediction\app.py:268]
2025-10-01 21:36:23,991 INFO: Password reset requested for: riyas03524@gmail.com [in C:\Projects\Loan-Prediction\app.py:372]
2025-10-02 13:39:43,287 INFO: Loan Prediction App Startup [in C:\Projects\Loan-Prediction\app.py:69]
2025-10-02 13:39:56,808 WARNING: Failed to load models/loan_default_model.pkl: invalid load key, '\x0a'. [in C:\Projects\Loan-Prediction\app.py:151]
2025-10-02 13:39:57,788 INFO: Main model loaded from models/loan_model.pkl [in C:\Projects\Loan-Prediction\app.py:148]
2025-10-02 13:39:57,796 INFO: Standard Scaler loaded. [in C:\Projects\Loan-Prediction\app.py:160]
2025-10-02 13:39:58,171 INFO: Model files status: [in C:\Projects\Loan-Prediction\app.py:683]
2025-10-02 13:39:58,171 INFO:   models/loan_default_model.pkl - INVALID: invalid load key, '\x0a'. [in C:\Projects\Loan-Prediction\app.py:685]
2025-10-02 13:39:58,171 INFO:   models/loan_model.pkl - VALID [in C:\Projects\Loan-Prediction\app.py:685]
2025-10-02 13:39:58,171 INFO:   models/scaler.pkl - VALID [in C:\Projects\Loan-Prediction\app.py:685]
2025-10-02 13:39:58,171 INFO:   Model Loaded: True [in C:\Projects\Loan-Prediction\app.py:685]
2025-10-02 13:39:58,171 INFO:   Scaler Loaded: True [in C:\Projects\Loan-Prediction\app.py:685]
2025-10-02 13:39:58,171 INFO: Starting Loan Prediction App... [in C:\Projects\Loan-Prediction\app.py:689]
2025-10-02 13:39:59,816 INFO: Loan Prediction App Startup [in C:\Projects\Loan-Prediction\app.py:69]
2025-10-02 13:40:00,506 WARNING: Failed to load models/loan_default_model.pkl: invalid load key, '\x0a'. [in C:\Projects\Loan-Prediction\app.py:151]
2025-10-02 13:40:00,585 INFO: Main model loaded from models/loan_model.pkl [in C:\Projects\Loan-Prediction\app.py:148]
2025-10-02 13:40:00,585 INFO: Standard Scaler loaded. [in C:\Projects\Loan-Prediction\app.py:160]
2025-10-02 13:40:01,003 INFO: Model files status: [in C:\Projects\Loan-Prediction\app.py:683]
2025-10-02 13:40:01,003 INFO:   models/loan_default_model.pkl - INVALID: invalid load key, '\x0a'. [in C:\Projects\Loan-Prediction\app.py:685]
2025-10-02 13:40:01,003 INFO:   models/loan_model.pkl - VALID [in C:\Projects\Loan-Prediction\app.py:685]
2025-10-02 13:40:01,003 INFO:   models/scaler.pkl - VALID [in C:\Projects\Loan-Prediction\app.py:685]
2025-10-02 13:40:01,003 INFO:   Model Loaded: True [in C:\Projects\Loan-Prediction\app.py:685]
2025-10-02 13:40:01,006 INFO:   Scaler Loaded: True [in C:\Projects\Loan-Prediction\app.py:685]
2025-10-02 13:40:01,006 INFO: Starting Loan Prediction App... [in C:\Projects\Loan-Prediction\app.py:689]
2025-10-02 13:40:16,148 INFO: Loan Prediction App Startup [in C:\Projects\Loan-Prediction\app.py:69]
2025-10-02 13:40:17,091 WARNING: Failed to load models/loan_default_model.pkl: invalid load key, '\x0a'. [in C:\Projects\Loan-Prediction\app.py:151]
2025-10-02 13:40:17,193 INFO: Main model loaded from models/loan_model.pkl [in C:\Projects\Loan-Prediction\app.py:148]
2025-10-02 13:40:17,193 INFO: Standard Scaler loaded. [in C:\Projects\Loan-Prediction\app.py:160]
2025-10-02 13:40:17,626 INFO: Model files status: [in C:\Projects\Loan-Prediction\app.py:683]
2025-10-02 13:40:17,626 INFO:   models/loan_default_model.pkl - INVALID: invalid load key, '\x0a'. [in C:\Projects\Loan-Prediction\app.py:685]
2025-10-02 13:40:17,626 INFO:   models/loan_model.pkl - VALID [in C:\Projects\Loan-Prediction\app.py:685]
2025-10-02 13:40:17,626 INFO:   models/scaler.pkl - VALID [in C:\Projects\Loan-Prediction\app.py:685]
2025-10-02 13:40:17,626 INFO:   Model Loaded: True [in C:\Projects\Loan-Prediction\app.py:685]
2025-10-02 13:40:17,626 INFO:   Scaler Loaded: True [in C:\Projects\Loan-Prediction\app.py:685]
2025-10-02 13:40:17,626 INFO: Starting Loan Prediction App... [in C:\Projects\Loan-Prediction\app.py:689]
2025-10-02 13:41:34,259 INFO: Using 9 features for prediction: ['Age', 'Income', 'LoanAmount', 'MonthsEmployed', 'NumCreditLines', 'InterestRate', 'LoanTerm', 'DTIRatio', 'Default'] [in C:\Projects\Loan-Prediction\app.py:246]
2025-10-02 13:41:34,272 ERROR: ML prediction failed (9 features): X has 9 features, but StandardScaler is expecting 16 features as input. [in C:\Projects\Loan-Prediction\app.py:267]
2025-10-02 13:41:34,272 INFO: Falling back to rule-based prediction [in C:\Projects\Loan-Prediction\app.py:268]
2025-10-02 13:41:44,056 INFO: Using 9 features for prediction: ['Age', 'Income', 'LoanAmount', 'MonthsEmployed', 'NumCreditLines', 'InterestRate', 'LoanTerm', 'DTIRatio', 'Default'] [in C:\Projects\Loan-Prediction\app.py:246]
2025-10-02 13:41:44,065 ERROR: ML prediction failed (9 features): X has 9 features, but StandardScaler is expecting 16 features as input. [in C:\Projects\Loan-Prediction\app.py:267]
2025-10-02 13:41:44,072 INFO: Falling back to rule-based prediction [in C:\Projects\Loan-Prediction\app.py:268]
2025-10-02 13:42:52,994 INFO: Using 9 features for prediction: ['Age', 'Income', 'LoanAmount', 'MonthsEmployed', 'NumCreditLines', 'InterestRate', 'LoanTerm', 'DTIRatio', 'Default'] [in C:\Projects\Loan-Prediction\app.py:246]
2025-10-02 13:42:52,999 ERROR: ML prediction failed (9 features): X has 9 features, but StandardScaler is expecting 16 features as input. [in C:\Projects\Loan-Prediction\app.py:267]
2025-10-02 13:42:52,999 INFO: Falling back to rule-based prediction [in C:\Projects\Loan-Prediction\app.py:268]
2025-10-02 13:44:58,081 INFO: Loan Prediction App Startup [in C:\Projects\Loan-Prediction\app.py:69]
2025-10-02 13:44:59,197 WARNING: Failed to load models/loan_default_model.pkl: invalid load key, '\x0a'. [in C:\Projects\Loan-Prediction\app.py:151]
2025-10-02 13:44:59,336 INFO: Main model loaded from models/loan_model.pkl [in C:\Projects\Loan-Prediction\app.py:148]
2025-10-02 13:44:59,336 INFO: Standard Scaler loaded. [in C:\Projects\Loan-Prediction\app.py:160]
2025-10-02 13:44:59,714 INFO: Model files status: [in C:\Projects\Loan-Prediction\app.py:683]
2025-10-02 13:44:59,714 INFO:   models/loan_default_model.pkl - INVALID: invalid load key, '\x0a'. [in C:\Projects\Loan-Prediction\app.py:685]
2025-10-02 13:44:59,714 INFO:   models/loan_model.pkl - VALID [in C:\Projects\Loan-Prediction\app.py:685]
2025-10-02 13:44:59,714 INFO:   models/scaler.pkl - VALID [in C:\Projects\Loan-Prediction\app.py:685]
2025-10-02 13:44:59,714 INFO:   Model Loaded: True [in C:\Projects\Loan-Prediction\app.py:685]
2025-10-02 13:44:59,714 INFO:   Scaler Loaded: True [in C:\Projects\Loan-Prediction\app.py:685]
2025-10-02 13:44:59,714 INFO: Starting Loan Prediction App... [in C:\Projects\Loan-Prediction\app.py:690]
